<?xml version="1.0" encoding="UTF-8"?>
<testsuite xmlns:xsi="http://www.w3.org/2001/XMLSchema-instance" xsi:noNamespaceSchemaLocation="https://maven.apache.org/surefire/maven-surefire-plugin/xsd/surefire-test-report.xsd" name="com.orsys.tdd.puissance4.unitaire.Puissance4ModelTests" time="0" tests="4" errors="0" skipped="0" failures="0">
  <properties>
[...]
</properties>
  <testcase name="testColonnePleine" classname="com.orsys.tdd.puissance4.unitaire.Puissance4ModelTests" time="0"/>
  <testcase name="testPositionJetonApresInsertionDansGrilleVide" classname="com.orsys.tdd.puissance4.unitaire.Puissance4ModelTests" time="0"/>
  <testcase name="testModeleVideApresCreation" classname="com.orsys.tdd.puissance4.unitaire.Puissance4ModelTests" time="0"/>
  <testcase name="testPositionJetonApres2InsertionDansGrilleVide" classname="com.orsys.tdd.puissance4.unitaire.Puissance4ModelTests" time="0"/>
</testsuite>